14:28:07.860 INFO - Launching a standalone Selenium Server
Setting system property webdriver.chrome.driver to selenium/chromedriver
Setting system property webdriver.ie.driver to selenium/IEDriverServer_32bit.exe
14:28:07.899 INFO - Java: Oracle Corporation 24.79-b02
14:28:07.899 INFO - OS: Mac OS X 10.11.5 x86_64
14:28:07.910 INFO - v2.53.0, with Core v2.53.0. Built from revision 35ae25b
14:28:07.982 INFO - Driver provider org.openqa.selenium.ie.InternetExplorerDriver registration is skipped:
registration capabilities Capabilities [{platform=WINDOWS, ensureCleanSession=true, browserName=internet explorer, version=}] does not match the current platform MAC
14:28:07.982 INFO - Driver provider org.openqa.selenium.edge.EdgeDriver registration is skipped:
registration capabilities Capabilities [{platform=WINDOWS, browserName=MicrosoftEdge, version=}] does not match the current platform MAC
14:28:07.982 INFO - Driver class not found: com.opera.core.systems.OperaDriver
14:28:07.983 INFO - Driver provider com.opera.core.systems.OperaDriver is not registered
14:28:07.984 INFO - Driver class not found: org.openqa.selenium.htmlunit.HtmlUnitDriver
14:28:07.985 INFO - Driver provider org.openqa.selenium.htmlunit.HtmlUnitDriver is not registered
14:28:08.042 INFO - RemoteWebDriver instances should connect to: http://127.0.0.1:4444/wd/hub
14:28:08.043 INFO - Selenium Server is up and running
14:28:08.298 INFO - Executing: [new session: Capabilities [{platform=ANY, acceptSslCerts=true, javascriptEnabled=true, browserName=firefox, name=Spambot}]])
14:28:08.307 INFO - Creating a new session for Capabilities [{platform=ANY, acceptSslCerts=true, javascriptEnabled=true, browserName=firefox, name=Spambot}]
14:28:12.043 INFO - Done: [new session: Capabilities [{platform=ANY, acceptSslCerts=true, javascriptEnabled=true, browserName=firefox, name=Spambot}]]
14:28:12.059 INFO - Executing: [get: https://accounts.google.com/ServiceLogin?service=mail&passive=true&rm=false&continue=https://mail.google.com/mail/&ss=1&scc=1&ltmpl=default&ltmplcache=2&emr=1&osid=1#identifier])
14:28:13.496 INFO - Done: [get: https://accounts.google.com/ServiceLogin?service=mail&passive=true&rm=false&continue=https://mail.google.com/mail/&ss=1&scc=1&ltmpl=default&ltmplcache=2&emr=1&osid=1#identifier]
14:28:13.506 INFO - Executing: [find elements: By.cssSelector: input[name=Email]])
14:28:13.974 INFO - Done: [find elements: By.cssSelector: input[name=Email]]
14:28:13.978 INFO - Executing: [is displayed: 0 [[FirefoxDriver: firefox on MAC (621d58b7-5e2d-d447-844e-a215aa420931)] -> css selector: input[name=Email]]])
14:28:13.992 INFO - Done: [is displayed: 0 [[FirefoxDriver: firefox on MAC (621d58b7-5e2d-d447-844e-a215aa420931)] -> css selector: input[name=Email]]]
14:28:15.006 INFO - Executing: [find element: By.cssSelector: #Email])
14:28:15.012 INFO - Done: [find element: By.cssSelector: #Email]
14:28:15.017 INFO - Executing: [send keys: 0 [[FirefoxDriver: firefox on MAC (621d58b7-5e2d-d447-844e-a215aa420931)] -> css selector: input[name=Email]], [a, t, a, o, z, a, n, 9, 5]])
14:28:15.076 INFO - Done: [send keys: 0 [[FirefoxDriver: firefox on MAC (621d58b7-5e2d-d447-844e-a215aa420931)] -> css selector: input[name=Email]], [a, t, a, o, z, a, n, 9, 5]]
14:28:15.080 INFO - Executing: [send keys to active: []])
14:28:15.120 INFO - Done: [send keys to active: []]
14:28:15.127 INFO - Executing: [find elements: By.cssSelector: input[name=Passwd]])
14:28:15.133 INFO - Done: [find elements: By.cssSelector: input[name=Passwd]]
14:28:15.640 INFO - Executing: [find elements: By.cssSelector: input[name=Passwd]])
14:28:16.393 INFO - Done: [find elements: By.cssSelector: input[name=Passwd]]
14:28:16.397 INFO - Executing: [is displayed: 1 [[FirefoxDriver: firefox on MAC (621d58b7-5e2d-d447-844e-a215aa420931)] -> css selector: input[name=Passwd]]])
14:28:16.406 INFO - Done: [is displayed: 1 [[FirefoxDriver: firefox on MAC (621d58b7-5e2d-d447-844e-a215aa420931)] -> css selector: input[name=Passwd]]]
14:28:17.416 INFO - Executing: [find element: By.cssSelector: #Passwd])
14:28:17.425 INFO - Done: [find element: By.cssSelector: #Passwd]
14:28:17.429 INFO - Executing: [send keys: 1 [[FirefoxDriver: firefox on MAC (621d58b7-5e2d-d447-844e-a215aa420931)] -> css selector: input[name=Passwd]], [0, 5, 3, 7, 9, 2, 4, 2, 5, 9, 5]])
14:28:17.480 INFO - Done: [send keys: 1 [[FirefoxDriver: firefox on MAC (621d58b7-5e2d-d447-844e-a215aa420931)] -> css selector: input[name=Passwd]], [0, 5, 3, 7, 9, 2, 4, 2, 5, 9, 5]]
14:28:17.484 INFO - Executing: [send keys to active: []])
14:28:17.509 INFO - Done: [send keys to active: []]
14:28:17.515 INFO - Executing: [find elements: By.cssSelector: body])
14:28:17.836 INFO - Done: [find elements: By.cssSelector: body]
14:28:17.842 INFO - Executing: [is displayed: 2 [[FirefoxDriver: firefox on MAC (621d58b7-5e2d-d447-844e-a215aa420931)] -> css selector: body]])
14:28:17.848 INFO - Done: [is displayed: 2 [[FirefoxDriver: firefox on MAC (621d58b7-5e2d-d447-844e-a215aa420931)] -> css selector: body]]
14:28:27.875 INFO - Executing: [find element: By.xpath: //*[contains(text(), 'E-POSTA YAZ')]])
14:28:27.900 INFO - Done: [find element: By.xpath: //*[contains(text(), 'E-POSTA YAZ')]]
14:28:27.904 INFO - Executing: [click: 3 [[FirefoxDriver: firefox on MAC (621d58b7-5e2d-d447-844e-a215aa420931)] -> xpath: //*[contains(text(), 'E-POSTA YAZ')]]])
14:28:28.239 INFO - Done: [click: 3 [[FirefoxDriver: firefox on MAC (621d58b7-5e2d-d447-844e-a215aa420931)] -> xpath: //*[contains(text(), 'E-POSTA YAZ')]]]
14:28:29.251 INFO - Executing: [find element: By.cssSelector: .vO])
14:28:29.259 INFO - Done: [find element: By.cssSelector: .vO]
14:28:29.262 INFO - Executing: [send keys: 4 [[FirefoxDriver: firefox on MAC (621d58b7-5e2d-d447-844e-a215aa420931)] -> css selector: .vO], [E, k, i, n, ., C, a, m, @, a, r, g, e, l, a, ., c, o, m, ., t, r]])
14:28:29.465 INFO - Done: [send keys: 4 [[FirefoxDriver: firefox on MAC (621d58b7-5e2d-d447-844e-a215aa420931)] -> css selector: .vO], [E, k, i, n, ., C, a, m, @, a, r, g, e, l, a, ., c, o, m, ., t, r]]
14:28:29.973 INFO - Executing: [find element: By.cssSelector: .aoT])
14:28:29.981 INFO - Done: [find element: By.cssSelector: .aoT]
14:28:29.986 INFO - Executing: [send keys: 5 [[FirefoxDriver: firefox on MAC (621d58b7-5e2d-d447-844e-a215aa420931)] -> css selector: .aoT], [S, p, a, m, B, o, t,  , D, e, m, o]])
14:28:30.106 INFO - Done: [send keys: 5 [[FirefoxDriver: firefox on MAC (621d58b7-5e2d-d447-844e-a215aa420931)] -> css selector: .aoT], [S, p, a, m, B, o, t,  , D, e, m, o]]
14:28:30.612 INFO - Executing: [find element: By.cssSelector: .LW-avf])
14:28:30.620 INFO - Done: [find element: By.cssSelector: .LW-avf]
14:28:30.628 INFO - Executing: [send keys: 6 [[FirefoxDriver: firefox on MAC (621d58b7-5e2d-d447-844e-a215aa420931)] -> css selector: .LW-avf], [G, m, a, i, l,  , h, e, r,  , ö, g, e, y, e,  , b, i, r,  , i, d,  , v, e, r, d, i, ğ, i,  , i, ç, i, n,  , s, p, a, m, b, o, t,  , y, a, z, m, a, s, ı,  , k, o, l, a, y,  , o, l, d, u, .,  , L, ü, t, f, e, n,  , m, a, i, l, l, e, r, i,  , s, p, a, m,  , o, l, a, r, a, k,  , i, ş, a, r, e, t, l, e, m, e,  , :, D]])
14:28:31.246 INFO - Done: [send keys: 6 [[FirefoxDriver: firefox on MAC (621d58b7-5e2d-d447-844e-a215aa420931)] -> css selector: .LW-avf], [G, m, a, i, l,  , h, e, r,  , ö, g, e, y, e,  , b, i, r,  , i, d,  , v, e, r, d, i, ğ, i,  , i, ç, i, n,  , s, p, a, m, b, o, t,  , y, a, z, m, a, s, ı,  , k, o, l, a, y,  , o, l, d, u, .,  , L, ü, t, f, e, n,  , m, a, i, l, l, e, r, i,  , s, p, a, m,  , o, l, a, r, a, k,  , i, ş, a, r, e, t, l, e, m, e,  , :, D]]
14:28:31.250 INFO - Executing: [find element: By.cssSelector: .aoO])
14:28:31.260 INFO - Done: [find element: By.cssSelector: .aoO]
14:28:31.263 INFO - Executing: [click: 7 [[FirefoxDriver: firefox on MAC (621d58b7-5e2d-d447-844e-a215aa420931)] -> css selector: .aoO]])
14:28:31.391 INFO - Done: [click: 7 [[FirefoxDriver: firefox on MAC (621d58b7-5e2d-d447-844e-a215aa420931)] -> css selector: .aoO]]
14:28:31.897 INFO - Executing: [find element: By.xpath: //*[contains(text(), 'E-POSTA YAZ')]])
14:28:31.932 INFO - Done: [find element: By.xpath: //*[contains(text(), 'E-POSTA YAZ')]]
14:28:31.936 INFO - Executing: [click: 3 [[FirefoxDriver: firefox on MAC (621d58b7-5e2d-d447-844e-a215aa420931)] -> xpath: //*[contains(text(), 'E-POSTA YAZ')]]])
14:28:32.207 INFO - Done: [click: 3 [[FirefoxDriver: firefox on MAC (621d58b7-5e2d-d447-844e-a215aa420931)] -> xpath: //*[contains(text(), 'E-POSTA YAZ')]]]
14:28:33.215 INFO - Executing: [find element: By.cssSelector: .vO])
14:28:33.224 INFO - Done: [find element: By.cssSelector: .vO]
14:28:33.227 INFO - Executing: [send keys: 8 [[FirefoxDriver: firefox on MAC (621d58b7-5e2d-d447-844e-a215aa420931)] -> css selector: .vO], [E, k, i, n, ., C, a, m, @, a, r, g, e, l, a, ., c, o, m, ., t, r]])
14:28:33.413 INFO - Done: [send keys: 8 [[FirefoxDriver: firefox on MAC (621d58b7-5e2d-d447-844e-a215aa420931)] -> css selector: .vO], [E, k, i, n, ., C, a, m, @, a, r, g, e, l, a, ., c, o, m, ., t, r]]
14:28:33.920 INFO - Executing: [find element: By.cssSelector: .aoT])
14:28:33.927 INFO - Done: [find element: By.cssSelector: .aoT]
14:28:33.931 INFO - Executing: [send keys: 9 [[FirefoxDriver: firefox on MAC (621d58b7-5e2d-d447-844e-a215aa420931)] -> css selector: .aoT], [S, p, a, m, B, o, t,  , D, e, m, o]])
14:28:34.046 INFO - Done: [send keys: 9 [[FirefoxDriver: firefox on MAC (621d58b7-5e2d-d447-844e-a215aa420931)] -> css selector: .aoT], [S, p, a, m, B, o, t,  , D, e, m, o]]
14:28:34.557 INFO - Executing: [find element: By.cssSelector: .LW-avf])
14:28:34.565 INFO - Done: [find element: By.cssSelector: .LW-avf]
14:28:34.571 INFO - Executing: [send keys: 10 [[FirefoxDriver: firefox on MAC (621d58b7-5e2d-d447-844e-a215aa420931)] -> css selector: .LW-avf], [G, m, a, i, l,  , h, e, r,  , ö, g, e, y, e,  , b, i, r,  , i, d,  , v, e, r, d, i, ğ, i,  , i, ç, i, n,  , s, p, a, m, b, o, t,  , y, a, z, m, a, s, ı,  , k, o, l, a, y,  , o, l, d, u, .,  , L, ü, t, f, e, n,  , m, a, i, l, l, e, r, i,  , s, p, a, m,  , o, l, a, r, a, k,  , i, ş, a, r, e, t, l, e, m, e,  , :, D]])
14:28:35.171 INFO - Done: [send keys: 10 [[FirefoxDriver: firefox on MAC (621d58b7-5e2d-d447-844e-a215aa420931)] -> css selector: .LW-avf], [G, m, a, i, l,  , h, e, r,  , ö, g, e, y, e,  , b, i, r,  , i, d,  , v, e, r, d, i, ğ, i,  , i, ç, i, n,  , s, p, a, m, b, o, t,  , y, a, z, m, a, s, ı,  , k, o, l, a, y,  , o, l, d, u, .,  , L, ü, t, f, e, n,  , m, a, i, l, l, e, r, i,  , s, p, a, m,  , o, l, a, r, a, k,  , i, ş, a, r, e, t, l, e, m, e,  , :, D]]
14:28:35.177 INFO - Executing: [find element: By.cssSelector: .aoO])
14:28:35.186 INFO - Done: [find element: By.cssSelector: .aoO]
14:28:35.190 INFO - Executing: [click: 11 [[FirefoxDriver: firefox on MAC (621d58b7-5e2d-d447-844e-a215aa420931)] -> css selector: .aoO]])
14:28:35.340 INFO - Done: [click: 11 [[FirefoxDriver: firefox on MAC (621d58b7-5e2d-d447-844e-a215aa420931)] -> css selector: .aoO]]
14:28:35.846 INFO - Executing: [find element: By.xpath: //*[contains(text(), 'E-POSTA YAZ')]])
14:28:35.917 INFO - Done: [find element: By.xpath: //*[contains(text(), 'E-POSTA YAZ')]]
14:28:35.921 INFO - Executing: [click: 3 [[FirefoxDriver: firefox on MAC (621d58b7-5e2d-d447-844e-a215aa420931)] -> xpath: //*[contains(text(), 'E-POSTA YAZ')]]])
14:28:36.206 INFO - Done: [click: 3 [[FirefoxDriver: firefox on MAC (621d58b7-5e2d-d447-844e-a215aa420931)] -> xpath: //*[contains(text(), 'E-POSTA YAZ')]]]
14:28:37.216 INFO - Executing: [find element: By.cssSelector: .vO])
14:28:37.226 INFO - Done: [find element: By.cssSelector: .vO]
14:28:37.230 INFO - Executing: [send keys: 12 [[FirefoxDriver: firefox on MAC (621d58b7-5e2d-d447-844e-a215aa420931)] -> css selector: .vO], [E, k, i, n, ., C, a, m, @, a, r, g, e, l, a, ., c, o, m, ., t, r]])
14:28:37.373 INFO - Done: [send keys: 12 [[FirefoxDriver: firefox on MAC (621d58b7-5e2d-d447-844e-a215aa420931)] -> css selector: .vO], [E, k, i, n, ., C, a, m, @, a, r, g, e, l, a, ., c, o, m, ., t, r]]
14:28:37.884 INFO - Executing: [find element: By.cssSelector: .aoT])
14:28:37.891 INFO - Done: [find element: By.cssSelector: .aoT]
14:28:37.895 INFO - Executing: [send keys: 13 [[FirefoxDriver: firefox on MAC (621d58b7-5e2d-d447-844e-a215aa420931)] -> css selector: .aoT], [S, p, a, m, B, o, t,  , D, e, m, o]])
14:28:37.983 INFO - Done: [send keys: 13 [[FirefoxDriver: firefox on MAC (621d58b7-5e2d-d447-844e-a215aa420931)] -> css selector: .aoT], [S, p, a, m, B, o, t,  , D, e, m, o]]
14:28:38.493 INFO - Executing: [find element: By.cssSelector: .LW-avf])
14:28:38.500 INFO - Done: [find element: By.cssSelector: .LW-avf]
14:28:38.506 INFO - Executing: [send keys: 14 [[FirefoxDriver: firefox on MAC (621d58b7-5e2d-d447-844e-a215aa420931)] -> css selector: .LW-avf], [G, m, a, i, l,  , h, e, r,  , ö, g, e, y, e,  , b, i, r,  , i, d,  , v, e, r, d, i, ğ, i,  , i, ç, i, n,  , s, p, a, m, b, o, t,  , y, a, z, m, a, s, ı,  , k, o, l, a, y,  , o, l, d, u, .,  , L, ü, t, f, e, n,  , m, a, i, l, l, e, r, i,  , s, p, a, m,  , o, l, a, r, a, k,  , i, ş, a, r, e, t, l, e, m, e,  , :, D]])
14:28:39.094 INFO - Done: [send keys: 14 [[FirefoxDriver: firefox on MAC (621d58b7-5e2d-d447-844e-a215aa420931)] -> css selector: .LW-avf], [G, m, a, i, l,  , h, e, r,  , ö, g, e, y, e,  , b, i, r,  , i, d,  , v, e, r, d, i, ğ, i,  , i, ç, i, n,  , s, p, a, m, b, o, t,  , y, a, z, m, a, s, ı,  , k, o, l, a, y,  , o, l, d, u, .,  , L, ü, t, f, e, n,  , m, a, i, l, l, e, r, i,  , s, p, a, m,  , o, l, a, r, a, k,  , i, ş, a, r, e, t, l, e, m, e,  , :, D]]
14:28:39.102 INFO - Executing: [find element: By.cssSelector: .aoO])
14:28:39.112 INFO - Done: [find element: By.cssSelector: .aoO]
14:28:39.115 INFO - Executing: [click: 15 [[FirefoxDriver: firefox on MAC (621d58b7-5e2d-d447-844e-a215aa420931)] -> css selector: .aoO]])
14:28:39.252 INFO - Done: [click: 15 [[FirefoxDriver: firefox on MAC (621d58b7-5e2d-d447-844e-a215aa420931)] -> css selector: .aoO]]
14:28:39.763 INFO - Executing: [find element: By.xpath: //*[contains(text(), 'E-POSTA YAZ')]])
14:28:39.790 INFO - Done: [find element: By.xpath: //*[contains(text(), 'E-POSTA YAZ')]]
14:28:39.793 INFO - Executing: [click: 3 [[FirefoxDriver: firefox on MAC (621d58b7-5e2d-d447-844e-a215aa420931)] -> xpath: //*[contains(text(), 'E-POSTA YAZ')]]])
14:28:40.168 INFO - Done: [click: 3 [[FirefoxDriver: firefox on MAC (621d58b7-5e2d-d447-844e-a215aa420931)] -> xpath: //*[contains(text(), 'E-POSTA YAZ')]]]
14:28:41.178 INFO - Executing: [find element: By.cssSelector: .vO])
14:28:41.186 INFO - Done: [find element: By.cssSelector: .vO]
14:28:41.189 INFO - Executing: [send keys: 16 [[FirefoxDriver: firefox on MAC (621d58b7-5e2d-d447-844e-a215aa420931)] -> css selector: .vO], [E, k, i, n, ., C, a, m, @, a, r, g, e, l, a, ., c, o, m, ., t, r]])
14:28:41.353 INFO - Done: [send keys: 16 [[FirefoxDriver: firefox on MAC (621d58b7-5e2d-d447-844e-a215aa420931)] -> css selector: .vO], [E, k, i, n, ., C, a, m, @, a, r, g, e, l, a, ., c, o, m, ., t, r]]
14:28:41.860 INFO - Executing: [find element: By.cssSelector: .aoT])
14:28:41.868 INFO - Done: [find element: By.cssSelector: .aoT]
14:28:41.871 INFO - Executing: [send keys: 17 [[FirefoxDriver: firefox on MAC (621d58b7-5e2d-d447-844e-a215aa420931)] -> css selector: .aoT], [S, p, a, m, B, o, t,  , D, e, m, o]])
14:28:41.987 INFO - Done: [send keys: 17 [[FirefoxDriver: firefox on MAC (621d58b7-5e2d-d447-844e-a215aa420931)] -> css selector: .aoT], [S, p, a, m, B, o, t,  , D, e, m, o]]
14:28:42.502 INFO - Executing: [find element: By.cssSelector: .LW-avf])
14:28:42.511 INFO - Done: [find element: By.cssSelector: .LW-avf]
14:28:42.516 INFO - Executing: [send keys: 18 [[FirefoxDriver: firefox on MAC (621d58b7-5e2d-d447-844e-a215aa420931)] -> css selector: .LW-avf], [G, m, a, i, l,  , h, e, r,  , ö, g, e, y, e,  , b, i, r,  , i, d,  , v, e, r, d, i, ğ, i,  , i, ç, i, n,  , s, p, a, m, b, o, t,  , y, a, z, m, a, s, ı,  , k, o, l, a, y,  , o, l, d, u, .,  , L, ü, t, f, e, n,  , m, a, i, l, l, e, r, i,  , s, p, a, m,  , o, l, a, r, a, k,  , i, ş, a, r, e, t, l, e, m, e,  , :, D]])
14:28:43.152 INFO - Done: [send keys: 18 [[FirefoxDriver: firefox on MAC (621d58b7-5e2d-d447-844e-a215aa420931)] -> css selector: .LW-avf], [G, m, a, i, l,  , h, e, r,  , ö, g, e, y, e,  , b, i, r,  , i, d,  , v, e, r, d, i, ğ, i,  , i, ç, i, n,  , s, p, a, m, b, o, t,  , y, a, z, m, a, s, ı,  , k, o, l, a, y,  , o, l, d, u, .,  , L, ü, t, f, e, n,  , m, a, i, l, l, e, r, i,  , s, p, a, m,  , o, l, a, r, a, k,  , i, ş, a, r, e, t, l, e, m, e,  , :, D]]
14:28:43.158 INFO - Executing: [find element: By.cssSelector: .aoO])
14:28:43.167 INFO - Done: [find element: By.cssSelector: .aoO]
14:28:43.169 INFO - Executing: [click: 19 [[FirefoxDriver: firefox on MAC (621d58b7-5e2d-d447-844e-a215aa420931)] -> css selector: .aoO]])
14:28:43.300 INFO - Done: [click: 19 [[FirefoxDriver: firefox on MAC (621d58b7-5e2d-d447-844e-a215aa420931)] -> css selector: .aoO]]
14:28:43.805 INFO - Executing: [find element: By.xpath: //*[contains(text(), 'E-POSTA YAZ')]])
14:28:43.828 INFO - Done: [find element: By.xpath: //*[contains(text(), 'E-POSTA YAZ')]]
14:28:43.831 INFO - Executing: [click: 3 [[FirefoxDriver: firefox on MAC (621d58b7-5e2d-d447-844e-a215aa420931)] -> xpath: //*[contains(text(), 'E-POSTA YAZ')]]])
14:28:44.059 INFO - Done: [click: 3 [[FirefoxDriver: firefox on MAC (621d58b7-5e2d-d447-844e-a215aa420931)] -> xpath: //*[contains(text(), 'E-POSTA YAZ')]]]
14:28:45.068 INFO - Executing: [find element: By.cssSelector: .vO])
14:28:45.083 INFO - Done: [find element: By.cssSelector: .vO]
14:28:45.087 INFO - Executing: [send keys: 20 [[FirefoxDriver: firefox on MAC (621d58b7-5e2d-d447-844e-a215aa420931)] -> css selector: .vO], [E, k, i, n, ., C, a, m, @, a, r, g, e, l, a, ., c, o, m, ., t, r]])
14:28:45.218 INFO - Done: [send keys: 20 [[FirefoxDriver: firefox on MAC (621d58b7-5e2d-d447-844e-a215aa420931)] -> css selector: .vO], [E, k, i, n, ., C, a, m, @, a, r, g, e, l, a, ., c, o, m, ., t, r]]
14:28:45.726 INFO - Executing: [find element: By.cssSelector: .aoT])
14:28:45.751 INFO - Done: [find element: By.cssSelector: .aoT]
14:28:45.755 INFO - Executing: [send keys: 21 [[FirefoxDriver: firefox on MAC (621d58b7-5e2d-d447-844e-a215aa420931)] -> css selector: .aoT], [S, p, a, m, B, o, t,  , D, e, m, o]])
14:28:45.897 INFO - Done: [send keys: 21 [[FirefoxDriver: firefox on MAC (621d58b7-5e2d-d447-844e-a215aa420931)] -> css selector: .aoT], [S, p, a, m, B, o, t,  , D, e, m, o]]
14:28:46.403 INFO - Executing: [find element: By.cssSelector: .LW-avf])
14:28:46.418 INFO - Done: [find element: By.cssSelector: .LW-avf]
14:28:46.423 INFO - Executing: [send keys: 22 [[FirefoxDriver: firefox on MAC (621d58b7-5e2d-d447-844e-a215aa420931)] -> css selector: .LW-avf], [G, m, a, i, l,  , h, e, r,  , ö, g, e, y, e,  , b, i, r,  , i, d,  , v, e, r, d, i, ğ, i,  , i, ç, i, n,  , s, p, a, m, b, o, t,  , y, a, z, m, a, s, ı,  , k, o, l, a, y,  , o, l, d, u, .,  , L, ü, t, f, e, n,  , m, a, i, l, l, e, r, i,  , s, p, a, m,  , o, l, a, r, a, k,  , i, ş, a, r, e, t, l, e, m, e,  , :, D]])
14:28:47.051 INFO - Done: [send keys: 22 [[FirefoxDriver: firefox on MAC (621d58b7-5e2d-d447-844e-a215aa420931)] -> css selector: .LW-avf], [G, m, a, i, l,  , h, e, r,  , ö, g, e, y, e,  , b, i, r,  , i, d,  , v, e, r, d, i, ğ, i,  , i, ç, i, n,  , s, p, a, m, b, o, t,  , y, a, z, m, a, s, ı,  , k, o, l, a, y,  , o, l, d, u, .,  , L, ü, t, f, e, n,  , m, a, i, l, l, e, r, i,  , s, p, a, m,  , o, l, a, r, a, k,  , i, ş, a, r, e, t, l, e, m, e,  , :, D]]
14:28:47.055 INFO - Executing: [find element: By.cssSelector: .aoO])
14:28:47.062 INFO - Done: [find element: By.cssSelector: .aoO]
14:28:47.065 INFO - Executing: [click: 23 [[FirefoxDriver: firefox on MAC (621d58b7-5e2d-d447-844e-a215aa420931)] -> css selector: .aoO]])
14:28:47.209 INFO - Done: [click: 23 [[FirefoxDriver: firefox on MAC (621d58b7-5e2d-d447-844e-a215aa420931)] -> css selector: .aoO]]
14:28:47.719 INFO - Executing: [find element: By.xpath: //*[contains(text(), 'E-POSTA YAZ')]])
14:28:47.747 INFO - Done: [find element: By.xpath: //*[contains(text(), 'E-POSTA YAZ')]]
14:28:47.750 INFO - Executing: [click: 3 [[FirefoxDriver: firefox on MAC (621d58b7-5e2d-d447-844e-a215aa420931)] -> xpath: //*[contains(text(), 'E-POSTA YAZ')]]])
14:28:48.102 INFO - Done: [click: 3 [[FirefoxDriver: firefox on MAC (621d58b7-5e2d-d447-844e-a215aa420931)] -> xpath: //*[contains(text(), 'E-POSTA YAZ')]]]
14:28:49.111 INFO - Executing: [find element: By.cssSelector: .vO])
14:28:49.119 INFO - Done: [find element: By.cssSelector: .vO]
14:28:49.122 INFO - Executing: [send keys: 24 [[FirefoxDriver: firefox on MAC (621d58b7-5e2d-d447-844e-a215aa420931)] -> css selector: .vO], [E, k, i, n, ., C, a, m, @, a, r, g, e, l, a, ., c, o, m, ., t, r]])
14:28:49.284 INFO - Done: [send keys: 24 [[FirefoxDriver: firefox on MAC (621d58b7-5e2d-d447-844e-a215aa420931)] -> css selector: .vO], [E, k, i, n, ., C, a, m, @, a, r, g, e, l, a, ., c, o, m, ., t, r]]
14:28:49.795 INFO - Executing: [find element: By.cssSelector: .aoT])
14:28:49.801 INFO - Done: [find element: By.cssSelector: .aoT]
14:28:49.805 INFO - Executing: [send keys: 25 [[FirefoxDriver: firefox on MAC (621d58b7-5e2d-d447-844e-a215aa420931)] -> css selector: .aoT], [S, p, a, m, B, o, t,  , D, e, m, o]])
14:28:49.893 INFO - Done: [send keys: 25 [[FirefoxDriver: firefox on MAC (621d58b7-5e2d-d447-844e-a215aa420931)] -> css selector: .aoT], [S, p, a, m, B, o, t,  , D, e, m, o]]
14:28:50.401 INFO - Executing: [find element: By.cssSelector: .LW-avf])
14:28:50.410 INFO - Done: [find element: By.cssSelector: .LW-avf]
14:28:50.415 INFO - Executing: [send keys: 26 [[FirefoxDriver: firefox on MAC (621d58b7-5e2d-d447-844e-a215aa420931)] -> css selector: .LW-avf], [G, m, a, i, l,  , h, e, r,  , ö, g, e, y, e,  , b, i, r,  , i, d,  , v, e, r, d, i, ğ, i,  , i, ç, i, n,  , s, p, a, m, b, o, t,  , y, a, z, m, a, s, ı,  , k, o, l, a, y,  , o, l, d, u, .,  , L, ü, t, f, e, n,  , m, a, i, l, l, e, r, i,  , s, p, a, m,  , o, l, a, r, a, k,  , i, ş, a, r, e, t, l, e, m, e,  , :, D]])
14:28:51.024 INFO - Done: [send keys: 26 [[FirefoxDriver: firefox on MAC (621d58b7-5e2d-d447-844e-a215aa420931)] -> css selector: .LW-avf], [G, m, a, i, l,  , h, e, r,  , ö, g, e, y, e,  , b, i, r,  , i, d,  , v, e, r, d, i, ğ, i,  , i, ç, i, n,  , s, p, a, m, b, o, t,  , y, a, z, m, a, s, ı,  , k, o, l, a, y,  , o, l, d, u, .,  , L, ü, t, f, e, n,  , m, a, i, l, l, e, r, i,  , s, p, a, m,  , o, l, a, r, a, k,  , i, ş, a, r, e, t, l, e, m, e,  , :, D]]
14:28:51.029 INFO - Executing: [find element: By.cssSelector: .aoO])
14:28:51.035 INFO - Done: [find element: By.cssSelector: .aoO]
14:28:51.038 INFO - Executing: [click: 27 [[FirefoxDriver: firefox on MAC (621d58b7-5e2d-d447-844e-a215aa420931)] -> css selector: .aoO]])
14:28:51.155 INFO - Done: [click: 27 [[FirefoxDriver: firefox on MAC (621d58b7-5e2d-d447-844e-a215aa420931)] -> css selector: .aoO]]
14:28:51.660 INFO - Executing: [find element: By.xpath: //*[contains(text(), 'E-POSTA YAZ')]])
14:28:51.680 INFO - Done: [find element: By.xpath: //*[contains(text(), 'E-POSTA YAZ')]]
14:28:51.684 INFO - Executing: [click: 3 [[FirefoxDriver: firefox on MAC (621d58b7-5e2d-d447-844e-a215aa420931)] -> xpath: //*[contains(text(), 'E-POSTA YAZ')]]])
14:28:51.923 INFO - Done: [click: 3 [[FirefoxDriver: firefox on MAC (621d58b7-5e2d-d447-844e-a215aa420931)] -> xpath: //*[contains(text(), 'E-POSTA YAZ')]]]
14:28:52.928 INFO - Executing: [find element: By.cssSelector: .vO])
14:28:52.945 INFO - Done: [find element: By.cssSelector: .vO]
14:28:52.948 INFO - Executing: [send keys: 28 [[FirefoxDriver: firefox on MAC (621d58b7-5e2d-d447-844e-a215aa420931)] -> css selector: .vO], [E, k, i, n, ., C, a, m, @, a, r, g, e, l, a, ., c, o, m, ., t, r]])
14:28:53.206 INFO - Done: [send keys: 28 [[FirefoxDriver: firefox on MAC (621d58b7-5e2d-d447-844e-a215aa420931)] -> css selector: .vO], [E, k, i, n, ., C, a, m, @, a, r, g, e, l, a, ., c, o, m, ., t, r]]
14:28:53.712 INFO - Executing: [find element: By.cssSelector: .aoT])
14:28:53.722 INFO - Done: [find element: By.cssSelector: .aoT]
14:28:53.726 INFO - Executing: [send keys: 29 [[FirefoxDriver: firefox on MAC (621d58b7-5e2d-d447-844e-a215aa420931)] -> css selector: .aoT], [S, p, a, m, B, o, t,  , D, e, m, o]])
14:28:53.911 INFO - Done: [send keys: 29 [[FirefoxDriver: firefox on MAC (621d58b7-5e2d-d447-844e-a215aa420931)] -> css selector: .aoT], [S, p, a, m, B, o, t,  , D, e, m, o]]
14:28:54.419 INFO - Executing: [find element: By.cssSelector: .LW-avf])
14:28:54.426 INFO - Done: [find element: By.cssSelector: .LW-avf]
14:28:54.431 INFO - Executing: [send keys: 30 [[FirefoxDriver: firefox on MAC (621d58b7-5e2d-d447-844e-a215aa420931)] -> css selector: .LW-avf], [G, m, a, i, l,  , h, e, r,  , ö, g, e, y, e,  , b, i, r,  , i, d,  , v, e, r, d, i, ğ, i,  , i, ç, i, n,  , s, p, a, m, b, o, t,  , y, a, z, m, a, s, ı,  , k, o, l, a, y,  , o, l, d, u, .,  , L, ü, t, f, e, n,  , m, a, i, l, l, e, r, i,  , s, p, a, m,  , o, l, a, r, a, k,  , i, ş, a, r, e, t, l, e, m, e,  , :, D]])
14:28:55.046 INFO - Done: [send keys: 30 [[FirefoxDriver: firefox on MAC (621d58b7-5e2d-d447-844e-a215aa420931)] -> css selector: .LW-avf], [G, m, a, i, l,  , h, e, r,  , ö, g, e, y, e,  , b, i, r,  , i, d,  , v, e, r, d, i, ğ, i,  , i, ç, i, n,  , s, p, a, m, b, o, t,  , y, a, z, m, a, s, ı,  , k, o, l, a, y,  , o, l, d, u, .,  , L, ü, t, f, e, n,  , m, a, i, l, l, e, r, i,  , s, p, a, m,  , o, l, a, r, a, k,  , i, ş, a, r, e, t, l, e, m, e,  , :, D]]
14:28:55.049 INFO - Executing: [find element: By.cssSelector: .aoO])
14:28:55.059 INFO - Done: [find element: By.cssSelector: .aoO]
14:28:55.064 INFO - Executing: [click: 31 [[FirefoxDriver: firefox on MAC (621d58b7-5e2d-d447-844e-a215aa420931)] -> css selector: .aoO]])
14:28:55.210 INFO - Done: [click: 31 [[FirefoxDriver: firefox on MAC (621d58b7-5e2d-d447-844e-a215aa420931)] -> css selector: .aoO]]
14:28:55.718 INFO - Executing: [find element: By.xpath: //*[contains(text(), 'E-POSTA YAZ')]])
14:28:55.783 INFO - Done: [find element: By.xpath: //*[contains(text(), 'E-POSTA YAZ')]]
14:28:55.786 INFO - Executing: [click: 3 [[FirefoxDriver: firefox on MAC (621d58b7-5e2d-d447-844e-a215aa420931)] -> xpath: //*[contains(text(), 'E-POSTA YAZ')]]])
14:28:56.078 INFO - Done: [click: 3 [[FirefoxDriver: firefox on MAC (621d58b7-5e2d-d447-844e-a215aa420931)] -> xpath: //*[contains(text(), 'E-POSTA YAZ')]]]
14:28:57.084 INFO - Executing: [find element: By.cssSelector: .vO])
14:28:57.090 INFO - Done: [find element: By.cssSelector: .vO]
14:28:57.094 INFO - Executing: [send keys: 32 [[FirefoxDriver: firefox on MAC (621d58b7-5e2d-d447-844e-a215aa420931)] -> css selector: .vO], [E, k, i, n, ., C, a, m, @, a, r, g, e, l, a, ., c, o, m, ., t, r]])
14:28:57.252 INFO - Done: [send keys: 32 [[FirefoxDriver: firefox on MAC (621d58b7-5e2d-d447-844e-a215aa420931)] -> css selector: .vO], [E, k, i, n, ., C, a, m, @, a, r, g, e, l, a, ., c, o, m, ., t, r]]
14:28:57.762 INFO - Executing: [find element: By.cssSelector: .aoT])
14:28:57.772 INFO - Done: [find element: By.cssSelector: .aoT]
14:28:57.775 INFO - Executing: [send keys: 33 [[FirefoxDriver: firefox on MAC (621d58b7-5e2d-d447-844e-a215aa420931)] -> css selector: .aoT], [S, p, a, m, B, o, t,  , D, e, m, o]])
14:28:57.864 INFO - Done: [send keys: 33 [[FirefoxDriver: firefox on MAC (621d58b7-5e2d-d447-844e-a215aa420931)] -> css selector: .aoT], [S, p, a, m, B, o, t,  , D, e, m, o]]
14:28:58.373 INFO - Executing: [find element: By.cssSelector: .LW-avf])
14:28:58.380 INFO - Done: [find element: By.cssSelector: .LW-avf]
14:28:58.384 INFO - Executing: [send keys: 34 [[FirefoxDriver: firefox on MAC (621d58b7-5e2d-d447-844e-a215aa420931)] -> css selector: .LW-avf], [G, m, a, i, l,  , h, e, r,  , ö, g, e, y, e,  , b, i, r,  , i, d,  , v, e, r, d, i, ğ, i,  , i, ç, i, n,  , s, p, a, m, b, o, t,  , y, a, z, m, a, s, ı,  , k, o, l, a, y,  , o, l, d, u, .,  , L, ü, t, f, e, n,  , m, a, i, l, l, e, r, i,  , s, p, a, m,  , o, l, a, r, a, k,  , i, ş, a, r, e, t, l, e, m, e,  , :, D]])
14:28:58.985 INFO - Done: [send keys: 34 [[FirefoxDriver: firefox on MAC (621d58b7-5e2d-d447-844e-a215aa420931)] -> css selector: .LW-avf], [G, m, a, i, l,  , h, e, r,  , ö, g, e, y, e,  , b, i, r,  , i, d,  , v, e, r, d, i, ğ, i,  , i, ç, i, n,  , s, p, a, m, b, o, t,  , y, a, z, m, a, s, ı,  , k, o, l, a, y,  , o, l, d, u, .,  , L, ü, t, f, e, n,  , m, a, i, l, l, e, r, i,  , s, p, a, m,  , o, l, a, r, a, k,  , i, ş, a, r, e, t, l, e, m, e,  , :, D]]
14:28:58.988 INFO - Executing: [find element: By.cssSelector: .aoO])
14:28:58.996 INFO - Done: [find element: By.cssSelector: .aoO]
14:28:59.000 INFO - Executing: [click: 35 [[FirefoxDriver: firefox on MAC (621d58b7-5e2d-d447-844e-a215aa420931)] -> css selector: .aoO]])
14:28:59.122 INFO - Done: [click: 35 [[FirefoxDriver: firefox on MAC (621d58b7-5e2d-d447-844e-a215aa420931)] -> css selector: .aoO]]
14:28:59.630 INFO - Executing: [find element: By.xpath: //*[contains(text(), 'E-POSTA YAZ')]])
14:28:59.651 INFO - Done: [find element: By.xpath: //*[contains(text(), 'E-POSTA YAZ')]]
14:28:59.654 INFO - Executing: [click: 3 [[FirefoxDriver: firefox on MAC (621d58b7-5e2d-d447-844e-a215aa420931)] -> xpath: //*[contains(text(), 'E-POSTA YAZ')]]])
14:28:59.975 INFO - Done: [click: 3 [[FirefoxDriver: firefox on MAC (621d58b7-5e2d-d447-844e-a215aa420931)] -> xpath: //*[contains(text(), 'E-POSTA YAZ')]]]
14:29:00.984 INFO - Executing: [find element: By.cssSelector: .vO])
14:29:00.992 INFO - Done: [find element: By.cssSelector: .vO]
14:29:00.996 INFO - Executing: [send keys: 36 [[FirefoxDriver: firefox on MAC (621d58b7-5e2d-d447-844e-a215aa420931)] -> css selector: .vO], [E, k, i, n, ., C, a, m, @, a, r, g, e, l, a, ., c, o, m, ., t, r]])
14:29:01.180 INFO - Done: [send keys: 36 [[FirefoxDriver: firefox on MAC (621d58b7-5e2d-d447-844e-a215aa420931)] -> css selector: .vO], [E, k, i, n, ., C, a, m, @, a, r, g, e, l, a, ., c, o, m, ., t, r]]
14:29:01.689 INFO - Executing: [find element: By.cssSelector: .aoT])
14:29:01.697 INFO - Done: [find element: By.cssSelector: .aoT]
14:29:01.700 INFO - Executing: [send keys: 37 [[FirefoxDriver: firefox on MAC (621d58b7-5e2d-d447-844e-a215aa420931)] -> css selector: .aoT], [S, p, a, m, B, o, t,  , D, e, m, o]])
14:29:01.809 INFO - Done: [send keys: 37 [[FirefoxDriver: firefox on MAC (621d58b7-5e2d-d447-844e-a215aa420931)] -> css selector: .aoT], [S, p, a, m, B, o, t,  , D, e, m, o]]
14:29:02.318 INFO - Executing: [find element: By.cssSelector: .LW-avf])
14:29:02.325 INFO - Done: [find element: By.cssSelector: .LW-avf]
14:29:02.340 INFO - Executing: [send keys: 38 [[FirefoxDriver: firefox on MAC (621d58b7-5e2d-d447-844e-a215aa420931)] -> css selector: .LW-avf], [G, m, a, i, l,  , h, e, r,  , ö, g, e, y, e,  , b, i, r,  , i, d,  , v, e, r, d, i, ğ, i,  , i, ç, i, n,  , s, p, a, m, b, o, t,  , y, a, z, m, a, s, ı,  , k, o, l, a, y,  , o, l, d, u, .,  , L, ü, t, f, e, n,  , m, a, i, l, l, e, r, i,  , s, p, a, m,  , o, l, a, r, a, k,  , i, ş, a, r, e, t, l, e, m, e,  , :, D]])
14:29:02.943 INFO - Done: [send keys: 38 [[FirefoxDriver: firefox on MAC (621d58b7-5e2d-d447-844e-a215aa420931)] -> css selector: .LW-avf], [G, m, a, i, l,  , h, e, r,  , ö, g, e, y, e,  , b, i, r,  , i, d,  , v, e, r, d, i, ğ, i,  , i, ç, i, n,  , s, p, a, m, b, o, t,  , y, a, z, m, a, s, ı,  , k, o, l, a, y,  , o, l, d, u, .,  , L, ü, t, f, e, n,  , m, a, i, l, l, e, r, i,  , s, p, a, m,  , o, l, a, r, a, k,  , i, ş, a, r, e, t, l, e, m, e,  , :, D]]
14:29:02.948 INFO - Executing: [find element: By.cssSelector: .aoO])
14:29:02.957 INFO - Done: [find element: By.cssSelector: .aoO]
14:29:02.961 INFO - Executing: [click: 39 [[FirefoxDriver: firefox on MAC (621d58b7-5e2d-d447-844e-a215aa420931)] -> css selector: .aoO]])
14:29:03.096 INFO - Done: [click: 39 [[FirefoxDriver: firefox on MAC (621d58b7-5e2d-d447-844e-a215aa420931)] -> css selector: .aoO]]
14:29:03.602 INFO - Executing: [find element: By.xpath: //*[contains(text(), 'E-POSTA YAZ')]])
14:29:03.629 INFO - Done: [find element: By.xpath: //*[contains(text(), 'E-POSTA YAZ')]]
14:29:03.632 INFO - Executing: [click: 3 [[FirefoxDriver: firefox on MAC (621d58b7-5e2d-d447-844e-a215aa420931)] -> xpath: //*[contains(text(), 'E-POSTA YAZ')]]])
14:29:03.902 INFO - Done: [click: 3 [[FirefoxDriver: firefox on MAC (621d58b7-5e2d-d447-844e-a215aa420931)] -> xpath: //*[contains(text(), 'E-POSTA YAZ')]]]
14:29:04.910 INFO - Executing: [find element: By.cssSelector: .vO])
14:29:04.919 INFO - Done: [find element: By.cssSelector: .vO]
14:29:04.923 INFO - Executing: [send keys: 40 [[FirefoxDriver: firefox on MAC (621d58b7-5e2d-d447-844e-a215aa420931)] -> css selector: .vO], [E, k, i, n, ., C, a, m, @, a, r, g, e, l, a, ., c, o, m, ., t, r]])
14:29:05.081 INFO - Done: [send keys: 40 [[FirefoxDriver: firefox on MAC (621d58b7-5e2d-d447-844e-a215aa420931)] -> css selector: .vO], [E, k, i, n, ., C, a, m, @, a, r, g, e, l, a, ., c, o, m, ., t, r]]
14:29:05.592 INFO - Executing: [find element: By.cssSelector: .aoT])
14:29:05.598 INFO - Done: [find element: By.cssSelector: .aoT]
14:29:05.602 INFO - Executing: [send keys: 41 [[FirefoxDriver: firefox on MAC (621d58b7-5e2d-d447-844e-a215aa420931)] -> css selector: .aoT], [S, p, a, m, B, o, t,  , D, e, m, o]])
14:29:05.688 INFO - Done: [send keys: 41 [[FirefoxDriver: firefox on MAC (621d58b7-5e2d-d447-844e-a215aa420931)] -> css selector: .aoT], [S, p, a, m, B, o, t,  , D, e, m, o]]
14:29:06.194 INFO - Executing: [find element: By.cssSelector: .LW-avf])
14:29:06.200 INFO - Done: [find element: By.cssSelector: .LW-avf]
14:29:06.206 INFO - Executing: [send keys: 42 [[FirefoxDriver: firefox on MAC (621d58b7-5e2d-d447-844e-a215aa420931)] -> css selector: .LW-avf], [G, m, a, i, l,  , h, e, r,  , ö, g, e, y, e,  , b, i, r,  , i, d,  , v, e, r, d, i, ğ, i,  , i, ç, i, n,  , s, p, a, m, b, o, t,  , y, a, z, m, a, s, ı,  , k, o, l, a, y,  , o, l, d, u, .,  , L, ü, t, f, e, n,  , m, a, i, l, l, e, r, i,  , s, p, a, m,  , o, l, a, r, a, k,  , i, ş, a, r, e, t, l, e, m, e,  , :, D]])
14:29:06.891 INFO - Done: [send keys: 42 [[FirefoxDriver: firefox on MAC (621d58b7-5e2d-d447-844e-a215aa420931)] -> css selector: .LW-avf], [G, m, a, i, l,  , h, e, r,  , ö, g, e, y, e,  , b, i, r,  , i, d,  , v, e, r, d, i, ğ, i,  , i, ç, i, n,  , s, p, a, m, b, o, t,  , y, a, z, m, a, s, ı,  , k, o, l, a, y,  , o, l, d, u, .,  , L, ü, t, f, e, n,  , m, a, i, l, l, e, r, i,  , s, p, a, m,  , o, l, a, r, a, k,  , i, ş, a, r, e, t, l, e, m, e,  , :, D]]
14:29:06.896 INFO - Executing: [find element: By.cssSelector: .aoO])
14:29:06.903 INFO - Done: [find element: By.cssSelector: .aoO]
14:29:06.906 INFO - Executing: [click: 43 [[FirefoxDriver: firefox on MAC (621d58b7-5e2d-d447-844e-a215aa420931)] -> css selector: .aoO]])
14:29:07.056 INFO - Done: [click: 43 [[FirefoxDriver: firefox on MAC (621d58b7-5e2d-d447-844e-a215aa420931)] -> css selector: .aoO]]
14:29:17.567 INFO - Executing: [delete session: 1cbeaea8-0ced-4b0b-b1e1-9398acf0162c])
14:29:17.722 INFO - Done: [delete session: 1cbeaea8-0ced-4b0b-b1e1-9398acf0162c]
